2021-05-07 11:05:32 [ main:0 ] - [ INFO ] 正在启动websocket服务器
2021-05-07 11:05:32 [ main:0 ] - [ INFO ] 正在启动websocket服务器
2021-05-07 11:05:32 [ main:26 ] - [ DEBUG ] Using Log4J as the default logging framework
2021-05-07 11:05:32 [ main:26 ] - [ DEBUG ] Using Log4J as the default logging framework
2021-05-07 11:05:32 [ main:54 ] - [ DEBUG ] -Dio.netty.eventLoopThreads: 16
2021-05-07 11:05:32 [ main:54 ] - [ DEBUG ] -Dio.netty.eventLoopThreads: 16
2021-05-07 11:05:32 [ main:85 ] - [ DEBUG ] java.nio.Buffer.address: available
2021-05-07 11:05:32 [ main:85 ] - [ DEBUG ] java.nio.Buffer.address: available
2021-05-07 11:05:32 [ main:88 ] - [ DEBUG ] sun.misc.Unsafe.theUnsafe: available
2021-05-07 11:05:32 [ main:88 ] - [ DEBUG ] sun.misc.Unsafe.theUnsafe: available
2021-05-07 11:05:32 [ main:90 ] - [ DEBUG ] sun.misc.Unsafe.copyMemory: available
2021-05-07 11:05:32 [ main:90 ] - [ DEBUG ] sun.misc.Unsafe.copyMemory: available
2021-05-07 11:05:32 [ main:91 ] - [ DEBUG ] direct buffer constructor: available
2021-05-07 11:05:32 [ main:91 ] - [ DEBUG ] direct buffer constructor: available
2021-05-07 11:05:32 [ main:92 ] - [ DEBUG ] java.nio.Bits.unaligned: available, true
2021-05-07 11:05:32 [ main:92 ] - [ DEBUG ] java.nio.Bits.unaligned: available, true
2021-05-07 11:05:32 [ main:93 ] - [ DEBUG ] java.nio.DirectByteBuffer.<init>(long, int): available
2021-05-07 11:05:32 [ main:93 ] - [ DEBUG ] java.nio.DirectByteBuffer.<init>(long, int): available
2021-05-07 11:05:32 [ main:94 ] - [ DEBUG ] java.nio.ByteBuffer.cleaner(): available
2021-05-07 11:05:32 [ main:94 ] - [ DEBUG ] java.nio.ByteBuffer.cleaner(): available
2021-05-07 11:05:32 [ main:95 ] - [ DEBUG ] Platform: Windows
2021-05-07 11:05:32 [ main:95 ] - [ DEBUG ] Platform: Windows
2021-05-07 11:05:32 [ main:96 ] - [ DEBUG ] Java version: 8
2021-05-07 11:05:32 [ main:96 ] - [ DEBUG ] Java version: 8
2021-05-07 11:05:32 [ main:97 ] - [ DEBUG ] -Dio.netty.noUnsafe: false
2021-05-07 11:05:32 [ main:97 ] - [ DEBUG ] -Dio.netty.noUnsafe: false
2021-05-07 11:05:32 [ main:97 ] - [ DEBUG ] sun.misc.Unsafe: available
2021-05-07 11:05:32 [ main:97 ] - [ DEBUG ] sun.misc.Unsafe: available
2021-05-07 11:05:32 [ main:98 ] - [ DEBUG ] -Dio.netty.noJavassist: false
2021-05-07 11:05:32 [ main:98 ] - [ DEBUG ] -Dio.netty.noJavassist: false
2021-05-07 11:05:32 [ main:99 ] - [ DEBUG ] Javassist: unavailable
2021-05-07 11:05:32 [ main:99 ] - [ DEBUG ] Javassist: unavailable
2021-05-07 11:05:32 [ main:101 ] - [ DEBUG ] You don't have Javassist in your class path or you don't have enough permission to load dynamically generated classes.  Please check the configuration for better performance.
2021-05-07 11:05:32 [ main:101 ] - [ DEBUG ] You don't have Javassist in your class path or you don't have enough permission to load dynamically generated classes.  Please check the configuration for better performance.
2021-05-07 11:05:32 [ main:102 ] - [ DEBUG ] -Dio.netty.tmpdir: D:\MyConfiguration\kaidong.zhou\AppData\Local\Temp (java.io.tmpdir)
2021-05-07 11:05:32 [ main:102 ] - [ DEBUG ] -Dio.netty.tmpdir: D:\MyConfiguration\kaidong.zhou\AppData\Local\Temp (java.io.tmpdir)
2021-05-07 11:05:32 [ main:102 ] - [ DEBUG ] -Dio.netty.bitMode: 64 (sun.arch.data.model)
2021-05-07 11:05:32 [ main:102 ] - [ DEBUG ] -Dio.netty.bitMode: 64 (sun.arch.data.model)
2021-05-07 11:05:32 [ main:103 ] - [ DEBUG ] -Dio.netty.noPreferDirect: false
2021-05-07 11:05:32 [ main:103 ] - [ DEBUG ] -Dio.netty.noPreferDirect: false
2021-05-07 11:05:32 [ main:103 ] - [ DEBUG ] io.netty.maxDirectMemory: 4733272064 bytes
2021-05-07 11:05:32 [ main:103 ] - [ DEBUG ] io.netty.maxDirectMemory: 4733272064 bytes
2021-05-07 11:05:32 [ main:148 ] - [ DEBUG ] -Dio.netty.noKeySetOptimization: false
2021-05-07 11:05:32 [ main:148 ] - [ DEBUG ] -Dio.netty.noKeySetOptimization: false
2021-05-07 11:05:32 [ main:148 ] - [ DEBUG ] -Dio.netty.selectorAutoRebuildThreshold: 512
2021-05-07 11:05:32 [ main:148 ] - [ DEBUG ] -Dio.netty.selectorAutoRebuildThreshold: 512
2021-05-07 11:05:32 [ main:152 ] - [ DEBUG ] org.jctools-core.MpscChunkedArrayQueue: available
2021-05-07 11:05:32 [ main:152 ] - [ DEBUG ] org.jctools-core.MpscChunkedArrayQueue: available
2021-05-07 11:05:32 [ main:777 ] - [ DEBUG ] -Dio.netty.processId: 16232 (auto-detected)
2021-05-07 11:05:32 [ main:777 ] - [ DEBUG ] -Dio.netty.processId: 16232 (auto-detected)
2021-05-07 11:05:32 [ main:779 ] - [ DEBUG ] -Djava.net.preferIPv4Stack: false
2021-05-07 11:05:32 [ main:779 ] - [ DEBUG ] -Djava.net.preferIPv4Stack: false
2021-05-07 11:05:32 [ main:780 ] - [ DEBUG ] -Djava.net.preferIPv6Addresses: false
2021-05-07 11:05:32 [ main:780 ] - [ DEBUG ] -Djava.net.preferIPv6Addresses: false
2021-05-07 11:05:33 [ main:1115 ] - [ DEBUG ] Loopback interface: lo (Software Loopback Interface 1, 127.0.0.1)
2021-05-07 11:05:33 [ main:1115 ] - [ DEBUG ] Loopback interface: lo (Software Loopback Interface 1, 127.0.0.1)
2021-05-07 11:05:33 [ main:1116 ] - [ DEBUG ] \proc\sys\net\core\somaxconn: 200 (non-existent)
2021-05-07 11:05:33 [ main:1116 ] - [ DEBUG ] \proc\sys\net\core\somaxconn: 200 (non-existent)
2021-05-07 11:05:33 [ main:1460 ] - [ DEBUG ] -Dio.netty.machineId: 00:50:56:ff:fe:c0:00:08 (auto-detected)
2021-05-07 11:05:33 [ main:1460 ] - [ DEBUG ] -Dio.netty.machineId: 00:50:56:ff:fe:c0:00:08 (auto-detected)
2021-05-07 11:05:33 [ main:1462 ] - [ DEBUG ] -Dio.netty.initialSeedUniquifier: 0x3c89294ed0baa06c
2021-05-07 11:05:33 [ main:1462 ] - [ DEBUG ] -Dio.netty.initialSeedUniquifier: 0x3c89294ed0baa06c
2021-05-07 11:05:33 [ main:1472 ] - [ DEBUG ] -Dio.netty.leakDetection.level: simple
2021-05-07 11:05:33 [ main:1472 ] - [ DEBUG ] -Dio.netty.leakDetection.level: simple
2021-05-07 11:05:33 [ main:1473 ] - [ DEBUG ] -Dio.netty.leakDetection.maxRecords: 4
2021-05-07 11:05:33 [ main:1473 ] - [ DEBUG ] -Dio.netty.leakDetection.maxRecords: 4
2021-05-07 11:05:33 [ main:1499 ] - [ DEBUG ] -Dio.netty.allocator.numHeapArenas: 16
2021-05-07 11:05:33 [ main:1499 ] - [ DEBUG ] -Dio.netty.allocator.numHeapArenas: 16
2021-05-07 11:05:33 [ main:1500 ] - [ DEBUG ] -Dio.netty.allocator.numDirectArenas: 16
2021-05-07 11:05:33 [ main:1500 ] - [ DEBUG ] -Dio.netty.allocator.numDirectArenas: 16
2021-05-07 11:05:33 [ main:1500 ] - [ DEBUG ] -Dio.netty.allocator.pageSize: 8192
2021-05-07 11:05:33 [ main:1500 ] - [ DEBUG ] -Dio.netty.allocator.pageSize: 8192
2021-05-07 11:05:33 [ main:1501 ] - [ DEBUG ] -Dio.netty.allocator.maxOrder: 11
2021-05-07 11:05:33 [ main:1501 ] - [ DEBUG ] -Dio.netty.allocator.maxOrder: 11
2021-05-07 11:05:33 [ main:1501 ] - [ DEBUG ] -Dio.netty.allocator.chunkSize: 16777216
2021-05-07 11:05:33 [ main:1501 ] - [ DEBUG ] -Dio.netty.allocator.chunkSize: 16777216
2021-05-07 11:05:33 [ main:1502 ] - [ DEBUG ] -Dio.netty.allocator.tinyCacheSize: 512
2021-05-07 11:05:33 [ main:1502 ] - [ DEBUG ] -Dio.netty.allocator.tinyCacheSize: 512
2021-05-07 11:05:33 [ main:1502 ] - [ DEBUG ] -Dio.netty.allocator.smallCacheSize: 256
2021-05-07 11:05:33 [ main:1502 ] - [ DEBUG ] -Dio.netty.allocator.smallCacheSize: 256
2021-05-07 11:05:33 [ main:1502 ] - [ DEBUG ] -Dio.netty.allocator.normalCacheSize: 64
2021-05-07 11:05:33 [ main:1502 ] - [ DEBUG ] -Dio.netty.allocator.normalCacheSize: 64
2021-05-07 11:05:33 [ main:1503 ] - [ DEBUG ] -Dio.netty.allocator.maxCachedBufferCapacity: 32768
2021-05-07 11:05:33 [ main:1503 ] - [ DEBUG ] -Dio.netty.allocator.maxCachedBufferCapacity: 32768
2021-05-07 11:05:33 [ main:1503 ] - [ DEBUG ] -Dio.netty.allocator.cacheTrimInterval: 8192
2021-05-07 11:05:33 [ main:1503 ] - [ DEBUG ] -Dio.netty.allocator.cacheTrimInterval: 8192
2021-05-07 11:05:33 [ main:1511 ] - [ DEBUG ] -Dio.netty.allocator.type: pooled
2021-05-07 11:05:33 [ main:1511 ] - [ DEBUG ] -Dio.netty.allocator.type: pooled
2021-05-07 11:05:33 [ main:1512 ] - [ DEBUG ] -Dio.netty.threadLocalDirectBufferSize: 65536
2021-05-07 11:05:33 [ main:1512 ] - [ DEBUG ] -Dio.netty.threadLocalDirectBufferSize: 65536
2021-05-07 11:05:33 [ main:1512 ] - [ DEBUG ] -Dio.netty.maxThreadLocalCharBufferSize: 16384
2021-05-07 11:05:33 [ main:1512 ] - [ DEBUG ] -Dio.netty.maxThreadLocalCharBufferSize: 16384
2021-05-07 11:05:33 [ main:1537 ] - [ INFO ] webSocket服务器启动成功：[id: 0x6d8410a4, L:/0:0:0:0:0:0:0:0:8081]
2021-05-07 11:05:33 [ main:1537 ] - [ INFO ] webSocket服务器启动成功：[id: 0x6d8410a4, L:/0:0:0:0:0:0:0:0:8081]
2021-05-07 11:08:19 [ main:0 ] - [ INFO ] 正在启动websocket服务器
2021-05-07 11:08:19 [ main:0 ] - [ INFO ] 正在启动websocket服务器
2021-05-07 11:08:19 [ main:29 ] - [ DEBUG ] Using Log4J as the default logging framework
2021-05-07 11:08:19 [ main:29 ] - [ DEBUG ] Using Log4J as the default logging framework
2021-05-07 11:08:19 [ main:61 ] - [ DEBUG ] -Dio.netty.eventLoopThreads: 16
2021-05-07 11:08:19 [ main:61 ] - [ DEBUG ] -Dio.netty.eventLoopThreads: 16
2021-05-07 11:08:19 [ main:105 ] - [ DEBUG ] java.nio.Buffer.address: available
2021-05-07 11:08:19 [ main:105 ] - [ DEBUG ] java.nio.Buffer.address: available
2021-05-07 11:08:19 [ main:110 ] - [ DEBUG ] sun.misc.Unsafe.theUnsafe: available
2021-05-07 11:08:19 [ main:110 ] - [ DEBUG ] sun.misc.Unsafe.theUnsafe: available
2021-05-07 11:08:19 [ main:112 ] - [ DEBUG ] sun.misc.Unsafe.copyMemory: available
2021-05-07 11:08:19 [ main:112 ] - [ DEBUG ] sun.misc.Unsafe.copyMemory: available
2021-05-07 11:08:19 [ main:113 ] - [ DEBUG ] direct buffer constructor: available
2021-05-07 11:08:19 [ main:113 ] - [ DEBUG ] direct buffer constructor: available
2021-05-07 11:08:19 [ main:115 ] - [ DEBUG ] java.nio.Bits.unaligned: available, true
2021-05-07 11:08:19 [ main:115 ] - [ DEBUG ] java.nio.Bits.unaligned: available, true
2021-05-07 11:08:19 [ main:116 ] - [ DEBUG ] java.nio.DirectByteBuffer.<init>(long, int): available
2021-05-07 11:08:19 [ main:116 ] - [ DEBUG ] java.nio.DirectByteBuffer.<init>(long, int): available
2021-05-07 11:08:19 [ main:118 ] - [ DEBUG ] java.nio.ByteBuffer.cleaner(): available
2021-05-07 11:08:19 [ main:118 ] - [ DEBUG ] java.nio.ByteBuffer.cleaner(): available
2021-05-07 11:08:19 [ main:119 ] - [ DEBUG ] Platform: Windows
2021-05-07 11:08:19 [ main:119 ] - [ DEBUG ] Platform: Windows
2021-05-07 11:08:19 [ main:120 ] - [ DEBUG ] Java version: 8
2021-05-07 11:08:19 [ main:120 ] - [ DEBUG ] Java version: 8
2021-05-07 11:08:19 [ main:120 ] - [ DEBUG ] -Dio.netty.noUnsafe: false
2021-05-07 11:08:19 [ main:120 ] - [ DEBUG ] -Dio.netty.noUnsafe: false
2021-05-07 11:08:19 [ main:121 ] - [ DEBUG ] sun.misc.Unsafe: available
2021-05-07 11:08:19 [ main:121 ] - [ DEBUG ] sun.misc.Unsafe: available
2021-05-07 11:08:19 [ main:122 ] - [ DEBUG ] -Dio.netty.noJavassist: false
2021-05-07 11:08:19 [ main:122 ] - [ DEBUG ] -Dio.netty.noJavassist: false
2021-05-07 11:08:19 [ main:123 ] - [ DEBUG ] Javassist: unavailable
2021-05-07 11:08:19 [ main:123 ] - [ DEBUG ] Javassist: unavailable
2021-05-07 11:08:19 [ main:125 ] - [ DEBUG ] You don't have Javassist in your class path or you don't have enough permission to load dynamically generated classes.  Please check the configuration for better performance.
2021-05-07 11:08:19 [ main:125 ] - [ DEBUG ] You don't have Javassist in your class path or you don't have enough permission to load dynamically generated classes.  Please check the configuration for better performance.
2021-05-07 11:08:19 [ main:126 ] - [ DEBUG ] -Dio.netty.tmpdir: D:\MyConfiguration\kaidong.zhou\AppData\Local\Temp (java.io.tmpdir)
2021-05-07 11:08:19 [ main:126 ] - [ DEBUG ] -Dio.netty.tmpdir: D:\MyConfiguration\kaidong.zhou\AppData\Local\Temp (java.io.tmpdir)
2021-05-07 11:08:19 [ main:127 ] - [ DEBUG ] -Dio.netty.bitMode: 64 (sun.arch.data.model)
2021-05-07 11:08:19 [ main:127 ] - [ DEBUG ] -Dio.netty.bitMode: 64 (sun.arch.data.model)
2021-05-07 11:08:19 [ main:128 ] - [ DEBUG ] -Dio.netty.noPreferDirect: false
2021-05-07 11:08:19 [ main:128 ] - [ DEBUG ] -Dio.netty.noPreferDirect: false
2021-05-07 11:08:19 [ main:129 ] - [ DEBUG ] io.netty.maxDirectMemory: 4733272064 bytes
2021-05-07 11:08:19 [ main:129 ] - [ DEBUG ] io.netty.maxDirectMemory: 4733272064 bytes
2021-05-07 11:08:20 [ main:179 ] - [ DEBUG ] -Dio.netty.noKeySetOptimization: false
2021-05-07 11:08:20 [ main:179 ] - [ DEBUG ] -Dio.netty.noKeySetOptimization: false
2021-05-07 11:08:20 [ main:180 ] - [ DEBUG ] -Dio.netty.selectorAutoRebuildThreshold: 512
2021-05-07 11:08:20 [ main:180 ] - [ DEBUG ] -Dio.netty.selectorAutoRebuildThreshold: 512
2021-05-07 11:08:20 [ main:184 ] - [ DEBUG ] org.jctools-core.MpscChunkedArrayQueue: available
2021-05-07 11:08:20 [ main:184 ] - [ DEBUG ] org.jctools-core.MpscChunkedArrayQueue: available
2021-05-07 11:08:20 [ main:855 ] - [ DEBUG ] -Dio.netty.processId: 10212 (auto-detected)
2021-05-07 11:08:20 [ main:855 ] - [ DEBUG ] -Dio.netty.processId: 10212 (auto-detected)
2021-05-07 11:08:20 [ main:857 ] - [ DEBUG ] -Djava.net.preferIPv4Stack: false
2021-05-07 11:08:20 [ main:857 ] - [ DEBUG ] -Djava.net.preferIPv4Stack: false
2021-05-07 11:08:20 [ main:858 ] - [ DEBUG ] -Djava.net.preferIPv6Addresses: false
2021-05-07 11:08:20 [ main:858 ] - [ DEBUG ] -Djava.net.preferIPv6Addresses: false
2021-05-07 11:08:21 [ main:1200 ] - [ DEBUG ] Loopback interface: lo (Software Loopback Interface 1, 127.0.0.1)
2021-05-07 11:08:21 [ main:1200 ] - [ DEBUG ] Loopback interface: lo (Software Loopback Interface 1, 127.0.0.1)
2021-05-07 11:08:21 [ main:1201 ] - [ DEBUG ] \proc\sys\net\core\somaxconn: 200 (non-existent)
2021-05-07 11:08:21 [ main:1201 ] - [ DEBUG ] \proc\sys\net\core\somaxconn: 200 (non-existent)
2021-05-07 11:08:21 [ main:1590 ] - [ DEBUG ] -Dio.netty.machineId: 00:50:56:ff:fe:c0:00:08 (auto-detected)
2021-05-07 11:08:21 [ main:1590 ] - [ DEBUG ] -Dio.netty.machineId: 00:50:56:ff:fe:c0:00:08 (auto-detected)
2021-05-07 11:08:21 [ main:1592 ] - [ DEBUG ] -Dio.netty.initialSeedUniquifier: 0xc4622de22ac4c1a8
2021-05-07 11:08:21 [ main:1592 ] - [ DEBUG ] -Dio.netty.initialSeedUniquifier: 0xc4622de22ac4c1a8
2021-05-07 11:08:21 [ main:1604 ] - [ DEBUG ] -Dio.netty.leakDetection.level: simple
2021-05-07 11:08:21 [ main:1604 ] - [ DEBUG ] -Dio.netty.leakDetection.level: simple
2021-05-07 11:08:21 [ main:1605 ] - [ DEBUG ] -Dio.netty.leakDetection.maxRecords: 4
2021-05-07 11:08:21 [ main:1605 ] - [ DEBUG ] -Dio.netty.leakDetection.maxRecords: 4
2021-05-07 11:08:21 [ main:1637 ] - [ DEBUG ] -Dio.netty.allocator.numHeapArenas: 16
2021-05-07 11:08:21 [ main:1637 ] - [ DEBUG ] -Dio.netty.allocator.numHeapArenas: 16
2021-05-07 11:08:21 [ main:1637 ] - [ DEBUG ] -Dio.netty.allocator.numDirectArenas: 16
2021-05-07 11:08:21 [ main:1637 ] - [ DEBUG ] -Dio.netty.allocator.numDirectArenas: 16
2021-05-07 11:08:21 [ main:1638 ] - [ DEBUG ] -Dio.netty.allocator.pageSize: 8192
2021-05-07 11:08:21 [ main:1638 ] - [ DEBUG ] -Dio.netty.allocator.pageSize: 8192
2021-05-07 11:08:21 [ main:1638 ] - [ DEBUG ] -Dio.netty.allocator.maxOrder: 11
2021-05-07 11:08:21 [ main:1638 ] - [ DEBUG ] -Dio.netty.allocator.maxOrder: 11
2021-05-07 11:08:21 [ main:1639 ] - [ DEBUG ] -Dio.netty.allocator.chunkSize: 16777216
2021-05-07 11:08:21 [ main:1639 ] - [ DEBUG ] -Dio.netty.allocator.chunkSize: 16777216
2021-05-07 11:08:21 [ main:1639 ] - [ DEBUG ] -Dio.netty.allocator.tinyCacheSize: 512
2021-05-07 11:08:21 [ main:1639 ] - [ DEBUG ] -Dio.netty.allocator.tinyCacheSize: 512
2021-05-07 11:08:21 [ main:1640 ] - [ DEBUG ] -Dio.netty.allocator.smallCacheSize: 256
2021-05-07 11:08:21 [ main:1640 ] - [ DEBUG ] -Dio.netty.allocator.smallCacheSize: 256
2021-05-07 11:08:21 [ main:1640 ] - [ DEBUG ] -Dio.netty.allocator.normalCacheSize: 64
2021-05-07 11:08:21 [ main:1640 ] - [ DEBUG ] -Dio.netty.allocator.normalCacheSize: 64
2021-05-07 11:08:21 [ main:1640 ] - [ DEBUG ] -Dio.netty.allocator.maxCachedBufferCapacity: 32768
2021-05-07 11:08:21 [ main:1640 ] - [ DEBUG ] -Dio.netty.allocator.maxCachedBufferCapacity: 32768
2021-05-07 11:08:21 [ main:1641 ] - [ DEBUG ] -Dio.netty.allocator.cacheTrimInterval: 8192
2021-05-07 11:08:21 [ main:1641 ] - [ DEBUG ] -Dio.netty.allocator.cacheTrimInterval: 8192
2021-05-07 11:08:21 [ main:1651 ] - [ DEBUG ] -Dio.netty.allocator.type: pooled
2021-05-07 11:08:21 [ main:1651 ] - [ DEBUG ] -Dio.netty.allocator.type: pooled
2021-05-07 11:08:21 [ main:1651 ] - [ DEBUG ] -Dio.netty.threadLocalDirectBufferSize: 65536
2021-05-07 11:08:21 [ main:1651 ] - [ DEBUG ] -Dio.netty.threadLocalDirectBufferSize: 65536
2021-05-07 11:08:21 [ main:1652 ] - [ DEBUG ] -Dio.netty.maxThreadLocalCharBufferSize: 16384
2021-05-07 11:08:21 [ main:1652 ] - [ DEBUG ] -Dio.netty.maxThreadLocalCharBufferSize: 16384
2021-05-07 11:08:21 [ main:1683 ] - [ INFO ] webSocket服务器启动成功：[id: 0x7ae742c4, L:/0:0:0:0:0:0:0:0:8081]
2021-05-07 11:08:21 [ main:1683 ] - [ INFO ] webSocket服务器启动成功：[id: 0x7ae742c4, L:/0:0:0:0:0:0:0:0:8081]
2021-05-07 11:09:13 [ main:0 ] - [ INFO ] 正在启动websocket服务器
2021-05-07 11:09:13 [ main:0 ] - [ INFO ] 正在启动websocket服务器
2021-05-07 11:09:13 [ main:21 ] - [ DEBUG ] Using Log4J as the default logging framework
2021-05-07 11:09:13 [ main:21 ] - [ DEBUG ] Using Log4J as the default logging framework
2021-05-07 11:09:13 [ main:42 ] - [ DEBUG ] -Dio.netty.eventLoopThreads: 16
2021-05-07 11:09:13 [ main:42 ] - [ DEBUG ] -Dio.netty.eventLoopThreads: 16
2021-05-07 11:09:13 [ main:118 ] - [ DEBUG ] java.nio.Buffer.address: available
2021-05-07 11:09:13 [ main:118 ] - [ DEBUG ] java.nio.Buffer.address: available
2021-05-07 11:09:13 [ main:121 ] - [ DEBUG ] sun.misc.Unsafe.theUnsafe: available
2021-05-07 11:09:13 [ main:121 ] - [ DEBUG ] sun.misc.Unsafe.theUnsafe: available
2021-05-07 11:09:13 [ main:122 ] - [ DEBUG ] sun.misc.Unsafe.copyMemory: available
2021-05-07 11:09:13 [ main:122 ] - [ DEBUG ] sun.misc.Unsafe.copyMemory: available
2021-05-07 11:09:13 [ main:124 ] - [ DEBUG ] direct buffer constructor: available
2021-05-07 11:09:13 [ main:124 ] - [ DEBUG ] direct buffer constructor: available
2021-05-07 11:09:13 [ main:127 ] - [ DEBUG ] java.nio.Bits.unaligned: available, true
2021-05-07 11:09:13 [ main:127 ] - [ DEBUG ] java.nio.Bits.unaligned: available, true
2021-05-07 11:09:13 [ main:127 ] - [ DEBUG ] java.nio.DirectByteBuffer.<init>(long, int): available
2021-05-07 11:09:13 [ main:127 ] - [ DEBUG ] java.nio.DirectByteBuffer.<init>(long, int): available
2021-05-07 11:09:13 [ main:129 ] - [ DEBUG ] java.nio.ByteBuffer.cleaner(): available
2021-05-07 11:09:13 [ main:129 ] - [ DEBUG ] java.nio.ByteBuffer.cleaner(): available
2021-05-07 11:09:13 [ main:130 ] - [ DEBUG ] Platform: Windows
2021-05-07 11:09:13 [ main:130 ] - [ DEBUG ] Platform: Windows
2021-05-07 11:09:13 [ main:131 ] - [ DEBUG ] Java version: 8
2021-05-07 11:09:13 [ main:131 ] - [ DEBUG ] Java version: 8
2021-05-07 11:09:13 [ main:132 ] - [ DEBUG ] -Dio.netty.noUnsafe: false
2021-05-07 11:09:13 [ main:132 ] - [ DEBUG ] -Dio.netty.noUnsafe: false
2021-05-07 11:09:13 [ main:132 ] - [ DEBUG ] sun.misc.Unsafe: available
2021-05-07 11:09:13 [ main:132 ] - [ DEBUG ] sun.misc.Unsafe: available
2021-05-07 11:09:13 [ main:133 ] - [ DEBUG ] -Dio.netty.noJavassist: false
2021-05-07 11:09:13 [ main:133 ] - [ DEBUG ] -Dio.netty.noJavassist: false
2021-05-07 11:09:13 [ main:134 ] - [ DEBUG ] Javassist: unavailable
2021-05-07 11:09:13 [ main:134 ] - [ DEBUG ] Javassist: unavailable
2021-05-07 11:09:13 [ main:136 ] - [ DEBUG ] You don't have Javassist in your class path or you don't have enough permission to load dynamically generated classes.  Please check the configuration for better performance.
2021-05-07 11:09:13 [ main:136 ] - [ DEBUG ] You don't have Javassist in your class path or you don't have enough permission to load dynamically generated classes.  Please check the configuration for better performance.
2021-05-07 11:09:13 [ main:136 ] - [ DEBUG ] -Dio.netty.tmpdir: D:\MyConfiguration\kaidong.zhou\AppData\Local\Temp (java.io.tmpdir)
2021-05-07 11:09:13 [ main:136 ] - [ DEBUG ] -Dio.netty.tmpdir: D:\MyConfiguration\kaidong.zhou\AppData\Local\Temp (java.io.tmpdir)
2021-05-07 11:09:13 [ main:137 ] - [ DEBUG ] -Dio.netty.bitMode: 64 (sun.arch.data.model)
2021-05-07 11:09:13 [ main:137 ] - [ DEBUG ] -Dio.netty.bitMode: 64 (sun.arch.data.model)
2021-05-07 11:09:13 [ main:137 ] - [ DEBUG ] -Dio.netty.noPreferDirect: false
2021-05-07 11:09:13 [ main:137 ] - [ DEBUG ] -Dio.netty.noPreferDirect: false
2021-05-07 11:09:13 [ main:137 ] - [ DEBUG ] io.netty.maxDirectMemory: 4733272064 bytes
2021-05-07 11:09:13 [ main:137 ] - [ DEBUG ] io.netty.maxDirectMemory: 4733272064 bytes
2021-05-07 11:09:13 [ main:194 ] - [ DEBUG ] -Dio.netty.noKeySetOptimization: false
2021-05-07 11:09:13 [ main:194 ] - [ DEBUG ] -Dio.netty.noKeySetOptimization: false
2021-05-07 11:09:13 [ main:195 ] - [ DEBUG ] -Dio.netty.selectorAutoRebuildThreshold: 512
2021-05-07 11:09:13 [ main:195 ] - [ DEBUG ] -Dio.netty.selectorAutoRebuildThreshold: 512
2021-05-07 11:09:13 [ main:198 ] - [ DEBUG ] org.jctools-core.MpscChunkedArrayQueue: available
2021-05-07 11:09:13 [ main:198 ] - [ DEBUG ] org.jctools-core.MpscChunkedArrayQueue: available
2021-05-07 11:09:14 [ main:888 ] - [ DEBUG ] -Dio.netty.processId: 14856 (auto-detected)
2021-05-07 11:09:14 [ main:888 ] - [ DEBUG ] -Dio.netty.processId: 14856 (auto-detected)
2021-05-07 11:09:14 [ main:892 ] - [ DEBUG ] -Djava.net.preferIPv4Stack: false
2021-05-07 11:09:14 [ main:892 ] - [ DEBUG ] -Djava.net.preferIPv4Stack: false
2021-05-07 11:09:14 [ main:893 ] - [ DEBUG ] -Djava.net.preferIPv6Addresses: false
2021-05-07 11:09:14 [ main:893 ] - [ DEBUG ] -Djava.net.preferIPv6Addresses: false
2021-05-07 11:09:14 [ main:1237 ] - [ DEBUG ] Loopback interface: lo (Software Loopback Interface 1, 127.0.0.1)
2021-05-07 11:09:14 [ main:1237 ] - [ DEBUG ] Loopback interface: lo (Software Loopback Interface 1, 127.0.0.1)
2021-05-07 11:09:14 [ main:1238 ] - [ DEBUG ] \proc\sys\net\core\somaxconn: 200 (non-existent)
2021-05-07 11:09:14 [ main:1238 ] - [ DEBUG ] \proc\sys\net\core\somaxconn: 200 (non-existent)
2021-05-07 11:09:15 [ main:1608 ] - [ DEBUG ] -Dio.netty.machineId: 00:50:56:ff:fe:c0:00:08 (auto-detected)
2021-05-07 11:09:15 [ main:1608 ] - [ DEBUG ] -Dio.netty.machineId: 00:50:56:ff:fe:c0:00:08 (auto-detected)
2021-05-07 11:09:15 [ main:1610 ] - [ DEBUG ] -Dio.netty.initialSeedUniquifier: 0x9fea16975e8df41f
2021-05-07 11:09:15 [ main:1610 ] - [ DEBUG ] -Dio.netty.initialSeedUniquifier: 0x9fea16975e8df41f
2021-05-07 11:09:15 [ main:1621 ] - [ DEBUG ] -Dio.netty.leakDetection.level: simple
2021-05-07 11:09:15 [ main:1621 ] - [ DEBUG ] -Dio.netty.leakDetection.level: simple
2021-05-07 11:09:15 [ main:1621 ] - [ DEBUG ] -Dio.netty.leakDetection.maxRecords: 4
2021-05-07 11:09:15 [ main:1621 ] - [ DEBUG ] -Dio.netty.leakDetection.maxRecords: 4
2021-05-07 11:09:15 [ main:1650 ] - [ DEBUG ] -Dio.netty.allocator.numHeapArenas: 16
2021-05-07 11:09:15 [ main:1650 ] - [ DEBUG ] -Dio.netty.allocator.numHeapArenas: 16
2021-05-07 11:09:15 [ main:1650 ] - [ DEBUG ] -Dio.netty.allocator.numDirectArenas: 16
2021-05-07 11:09:15 [ main:1650 ] - [ DEBUG ] -Dio.netty.allocator.numDirectArenas: 16
2021-05-07 11:09:15 [ main:1651 ] - [ DEBUG ] -Dio.netty.allocator.pageSize: 8192
2021-05-07 11:09:15 [ main:1651 ] - [ DEBUG ] -Dio.netty.allocator.pageSize: 8192
2021-05-07 11:09:15 [ main:1651 ] - [ DEBUG ] -Dio.netty.allocator.maxOrder: 11
2021-05-07 11:09:15 [ main:1651 ] - [ DEBUG ] -Dio.netty.allocator.maxOrder: 11
2021-05-07 11:09:15 [ main:1651 ] - [ DEBUG ] -Dio.netty.allocator.chunkSize: 16777216
2021-05-07 11:09:15 [ main:1651 ] - [ DEBUG ] -Dio.netty.allocator.chunkSize: 16777216
2021-05-07 11:09:15 [ main:1651 ] - [ DEBUG ] -Dio.netty.allocator.tinyCacheSize: 512
2021-05-07 11:09:15 [ main:1651 ] - [ DEBUG ] -Dio.netty.allocator.tinyCacheSize: 512
2021-05-07 11:09:15 [ main:1652 ] - [ DEBUG ] -Dio.netty.allocator.smallCacheSize: 256
2021-05-07 11:09:15 [ main:1652 ] - [ DEBUG ] -Dio.netty.allocator.smallCacheSize: 256
2021-05-07 11:09:15 [ main:1652 ] - [ DEBUG ] -Dio.netty.allocator.normalCacheSize: 64
2021-05-07 11:09:15 [ main:1652 ] - [ DEBUG ] -Dio.netty.allocator.normalCacheSize: 64
2021-05-07 11:09:15 [ main:1652 ] - [ DEBUG ] -Dio.netty.allocator.maxCachedBufferCapacity: 32768
2021-05-07 11:09:15 [ main:1652 ] - [ DEBUG ] -Dio.netty.allocator.maxCachedBufferCapacity: 32768
2021-05-07 11:09:15 [ main:1669 ] - [ DEBUG ] -Dio.netty.allocator.cacheTrimInterval: 8192
2021-05-07 11:09:15 [ main:1669 ] - [ DEBUG ] -Dio.netty.allocator.cacheTrimInterval: 8192
2021-05-07 11:09:15 [ main:1680 ] - [ DEBUG ] -Dio.netty.allocator.type: pooled
2021-05-07 11:09:15 [ main:1680 ] - [ DEBUG ] -Dio.netty.allocator.type: pooled
2021-05-07 11:09:15 [ main:1680 ] - [ DEBUG ] -Dio.netty.threadLocalDirectBufferSize: 65536
2021-05-07 11:09:15 [ main:1680 ] - [ DEBUG ] -Dio.netty.threadLocalDirectBufferSize: 65536
2021-05-07 11:09:15 [ main:1680 ] - [ DEBUG ] -Dio.netty.maxThreadLocalCharBufferSize: 16384
2021-05-07 11:09:15 [ main:1680 ] - [ DEBUG ] -Dio.netty.maxThreadLocalCharBufferSize: 16384
2021-05-07 11:09:15 [ main:1706 ] - [ INFO ] webSocket服务器启动成功：[id: 0x3cba69de, L:/0:0:0:0:0:0:0:0:8081]
2021-05-07 11:09:15 [ main:1706 ] - [ INFO ] webSocket服务器启动成功：[id: 0x3cba69de, L:/0:0:0:0:0:0:0:0:8081]
